<?xml version="1.0" encoding="UTF-8"?>
<!-- Generated by org.testng.reporters.JUnitReportReporter -->
<testsuite skipped="0" hostname="Divya" name="org.testing.testScripts.TC8_Get_Particular_RealApi" tests="1" failures="0" timestamp="22 Jun 2023 11:29:34 GMT" time="1.669" errors="0">
  <testcase name="testCase8" time="1.669" classname="org.testing.testScripts.TC8_Get_Particular_RealApi"/>
</testsuite> <!-- org.testing.testScripts.TC8_Get_Particular_RealApi -->
