<?xml version="1.0" encoding="UTF-8"?>
<!-- Generated by org.testng.reporters.JUnitReportReporter -->
<testsuite skipped="0" hostname="Divya" name="org.testing.testScripts.TC9_Update_RealApi" tests="1" failures="0" timestamp="22 Jun 2023 11:29:34 GMT" time="1.673" errors="0">
  <testcase name="testCase9" time="1.673" classname="org.testing.testScripts.TC9_Update_RealApi"/>
</testsuite> <!-- org.testing.testScripts.TC9_Update_RealApi -->
