<?xml version="1.0" encoding="UTF-8"?>
<!-- Generated by org.testng.reporters.JUnitReportReporter -->
<testsuite skipped="0" hostname="Divya" name="org.testing.testScripts.TC10_Delete_RealApi" tests="1" failures="0" timestamp="22 Jun 2023 10:50:28 GMT" time="1.691" errors="0">
  <testcase name="testCase10" time="1.691" classname="org.testing.testScripts.TC10_Delete_RealApi"/>
</testsuite> <!-- org.testing.testScripts.TC10_Delete_RealApi -->
