<?xml version="1.0" encoding="UTF-8"?>
<!-- Generated by org.testng.reporters.JUnitReportReporter -->
<testsuite skipped="0" hostname="Divya" name="org.testing.testScripts.TC5_DeleteRequest" tests="1" failures="0" timestamp="22 Jun 2023 10:50:28 GMT" time="0.029" errors="0">
  <testcase name="testcase5" time="0.029" classname="org.testing.testScripts.TC5_DeleteRequest"/>
</testsuite> <!-- org.testing.testScripts.TC5_DeleteRequest -->
