<?xml version="1.0" encoding="UTF-8"?>
<!-- Generated by org.testng.reporters.JUnitReportReporter -->
<testsuite skipped="0" hostname="Divya" name="org.testing.testScripts.TC_1a_Postrequest_Random" tests="1" failures="0" timestamp="22 Jun 2023 10:50:28 GMT" time="0.943" errors="0">
  <testcase name="testCase1" time="0.943" classname="org.testing.testScripts.TC_1a_Postrequest_Random"/>
</testsuite> <!-- org.testing.testScripts.TC_1a_Postrequest_Random -->
